-----------------------------
Executing in AVX2 mode!!
-----------------------------
Ref file: index/merged_TX_noMatPAR
Entering FMI_search
reference seq len = 4167615747
count
0,	1
1,	1216209749
2,	2083807874
3,	2951405999
4,	4167615747

Reading other elements of the index from files index/merged_TX_noMatPAR
prefix: index/merged_TX_noMatPAR
[M::bwa_idx_load_ele] read 0 ALT contigs
Done reading Index!!
Reading reference genome..
Binary seq file = index/merged_TX_noMatPAR.0123
Reference genome size: 4167615746 bp
Done readng reference genome !!

[0000] 1: Calling process()

Threads used (compute): 20
Info: projected #read in a task: 1324513
------------------------------------------
Memory pre-allocation for chaining: 2786.7754 MB
Memory pre-allocation for BSW: 4792.3405 MB
Memory pre-allocation for BWT: 1546.2835 MB
------------------------------------------
No. of pipeline threads: 2
[0000] read_chunk: 200000000, work_chunk_size: 200000104, nseq: 1324504
	[0000][ M::kt_pipeline] read 1324504 sequences (200000104 bp)...
[0000] 2. Calling mem_process_seqs.., task: 0
[0000] 3. Calling kt_for - worker_bwt
[0000] read_chunk: 200000000, work_chunk_size: 200000104, nseq: 1324504
	[0000][ M::kt_pipeline] read 1324504 sequences (200000104 bp)...
[0000] 3. Calling kt_for - worker_aln
Inferring insert size distribution from data, l_pac: 2083807873, n: 1324504
[M::mem_pestat] # candidate unique pairs for (FF, FR, RF, RR): (5, 116305, 27, 10)
[M::mem_pestat] skip orientation FF as there are not enough pairs
[M::mem_pestat] analyzing insert size distribution for orientation FR...
[M::mem_pestat] (25, 50, 75) percentile: (193, 251, 332)
[M::mem_pestat] low and high boundaries for computing mean and std.dev: (1, 610)
[M::mem_pestat] mean and std.dev: (268.03, 102.31)
[M::mem_pestat] low and high boundaries for proper pairs: (1, 749)
[M::mem_pestat] analyzing insert size distribution for orientation RF...
[M::mem_pestat] (25, 50, 75) percentile: (299, 1239, 2723)
[M::mem_pestat] low and high boundaries for computing mean and std.dev: (1, 7571)
[M::mem_pestat] mean and std.dev: (1806.85, 2097.32)
[M::mem_pestat] low and high boundaries for proper pairs: (1, 10196)
[M::mem_pestat] analyzing insert size distribution for orientation RR...
[M::mem_pestat] (25, 50, 75) percentile: (126, 306, 1039)
[M::mem_pestat] low and high boundaries for computing mean and std.dev: (1, 2865)
[M::mem_pestat] mean and std.dev: (497.20, 451.17)
[M::mem_pestat] low and high boundaries for proper pairs: (1, 3778)
[M::mem_pestat] skip orientation RF
[M::mem_pestat] skip orientation RR
[0000] 10. Calling kt_for - worker_sam
	[0000][ M::mem_process_seqs] Processed 1324504 reads in 3054.091 CPU sec, 165.243 real sec
[0000] 2. Calling mem_process_seqs.., task: 1
[0000] 3. Calling kt_for - worker_bwt
[0000] read_chunk: 200000000, work_chunk_size: 200000104, nseq: 1324504
	[0000][ M::kt_pipeline] read 1324504 sequences (200000104 bp)...
[0000] 3. Calling kt_for - worker_aln
Inferring insert size distribution from data, l_pac: 2083807873, n: 1324504
[M::mem_pestat] # candidate unique pairs for (FF, FR, RF, RR): (7, 116341, 20, 11)
[M::mem_pestat] skip orientation FF as there are not enough pairs
[M::mem_pestat] analyzing insert size distribution for orientation FR...
[M::mem_pestat] (25, 50, 75) percentile: (193, 252, 332)
[M::mem_pestat] low and high boundaries for computing mean and std.dev: (1, 610)
[M::mem_pestat] mean and std.dev: (268.50, 101.95)
[M::mem_pestat] low and high boundaries for proper pairs: (1, 749)
[M::mem_pestat] analyzing insert size distribution for orientation RF...
[M::mem_pestat] (25, 50, 75) percentile: (240, 1603, 6184)
[M::mem_pestat] low and high boundaries for computing mean and std.dev: (1, 18072)
[M::mem_pestat] mean and std.dev: (3008.40, 3126.62)
[M::mem_pestat] low and high boundaries for proper pairs: (1, 24016)
[M::mem_pestat] analyzing insert size distribution for orientation RR...
[M::mem_pestat] (25, 50, 75) percentile: (249, 738, 1965)
[M::mem_pestat] low and high boundaries for computing mean and std.dev: (1, 5397)
[M::mem_pestat] mean and std.dev: (1030.82, 863.63)
[M::mem_pestat] low and high boundaries for proper pairs: (1, 7113)
[M::mem_pestat] skip orientation RF
[M::mem_pestat] skip orientation RR
[0000] 10. Calling kt_for - worker_sam
	[0000][ M::mem_process_seqs] Processed 1324504 reads in 2914.011 CPU sec, 147.992 real sec
[0000] 2. Calling mem_process_seqs.., task: 2
[0000] 3. Calling kt_for - worker_bwt
[0000] read_chunk: 200000000, work_chunk_size: 200000104, nseq: 1324504
	[0000][ M::kt_pipeline] read 1324504 sequences (200000104 bp)...
[0000] 3. Calling kt_for - worker_aln
Inferring insert size distribution from data, l_pac: 2083807873, n: 1324504
[M::mem_pestat] # candidate unique pairs for (FF, FR, RF, RR): (8, 116935, 21, 3)
[M::mem_pestat] skip orientation FF as there are not enough pairs
[M::mem_pestat] analyzing insert size distribution for orientation FR...
[M::mem_pestat] (25, 50, 75) percentile: (193, 250, 331)
[M::mem_pestat] low and high boundaries for computing mean and std.dev: (1, 607)
[M::mem_pestat] mean and std.dev: (267.08, 101.27)
[M::mem_pestat] low and high boundaries for proper pairs: (1, 745)
[M::mem_pestat] analyzing insert size distribution for orientation RF...
[M::mem_pestat] (25, 50, 75) percentile: (398, 1238, 5395)
[M::mem_pestat] low and high boundaries for computing mean and std.dev: (1, 15389)
[M::mem_pestat] mean and std.dev: (2421.24, 2617.58)
[M::mem_pestat] low and high boundaries for proper pairs: (1, 20386)
[M::mem_pestat] skip orientation RR as there are not enough pairs
[M::mem_pestat] skip orientation RF
[0000] 10. Calling kt_for - worker_sam
	[0000][ M::mem_process_seqs] Processed 1324504 reads in 2864.948 CPU sec, 145.439 real sec
[0000] 2. Calling mem_process_seqs.., task: 3
[0000] 3. Calling kt_for - worker_bwt
[0000] read_chunk: 200000000, work_chunk_size: 200000104, nseq: 1324504
	[0000][ M::kt_pipeline] read 1324504 sequences (200000104 bp)...
[0000] 3. Calling kt_for - worker_aln
Inferring insert size distribution from data, l_pac: 2083807873, n: 1324504
[M::mem_pestat] # candidate unique pairs for (FF, FR, RF, RR): (8, 116927, 19, 8)
[M::mem_pestat] skip orientation FF as there are not enough pairs
[M::mem_pestat] analyzing insert size distribution for orientation FR...
[M::mem_pestat] (25, 50, 75) percentile: (191, 249, 329)
[M::mem_pestat] low and high boundaries for computing mean and std.dev: (1, 605)
[M::mem_pestat] mean and std.dev: (265.65, 101.26)
[M::mem_pestat] low and high boundaries for proper pairs: (1, 743)
[M::mem_pestat] analyzing insert size distribution for orientation RF...
[M::mem_pestat] (25, 50, 75) percentile: (255, 1486, 5399)
[M::mem_pestat] low and high boundaries for computing mean and std.dev: (1, 15687)
[M::mem_pestat] mean and std.dev: (2942.26, 3213.14)
[M::mem_pestat] low and high boundaries for proper pairs: (1, 20831)
[M::mem_pestat] skip orientation RR as there are not enough pairs
[M::mem_pestat] skip orientation RF
[0000] 10. Calling kt_for - worker_sam
	[0000][ M::mem_process_seqs] Processed 1324504 reads in 2893.059 CPU sec, 146.943 real sec
[0000] 2. Calling mem_process_seqs.., task: 4
[0000] 3. Calling kt_for - worker_bwt
[0000] read_chunk: 200000000, work_chunk_size: 200000104, nseq: 1324504
	[0000][ M::kt_pipeline] read 1324504 sequences (200000104 bp)...
[0000] 3. Calling kt_for - worker_aln
Inferring insert size distribution from data, l_pac: 2083807873, n: 1324504
[M::mem_pestat] # candidate unique pairs for (FF, FR, RF, RR): (3, 117182, 20, 4)
[M::mem_pestat] skip orientation FF as there are not enough pairs
[M::mem_pestat] analyzing insert size distribution for orientation FR...
[M::mem_pestat] (25, 50, 75) percentile: (192, 249, 328)
[M::mem_pestat] low and high boundaries for computing mean and std.dev: (1, 600)
[M::mem_pestat] mean and std.dev: (265.63, 100.64)
[M::mem_pestat] low and high boundaries for proper pairs: (1, 736)
[M::mem_pestat] analyzing insert size distribution for orientation RF...
[M::mem_pestat] (25, 50, 75) percentile: (203, 1351, 3702)
[M::mem_pestat] low and high boundaries for computing mean and std.dev: (1, 10700)
[M::mem_pestat] mean and std.dev: (2316.45, 2418.10)
[M::mem_pestat] low and high boundaries for proper pairs: (1, 14199)
[M::mem_pestat] skip orientation RR as there are not enough pairs
[M::mem_pestat] skip orientation RF
[0000] 10. Calling kt_for - worker_sam
	[0000][ M::mem_process_seqs] Processed 1324504 reads in 2873.715 CPU sec, 145.943 real sec
[0000] 2. Calling mem_process_seqs.., task: 5
[0000] 3. Calling kt_for - worker_bwt
[0000] read_chunk: 200000000, work_chunk_size: 200000104, nseq: 1324504
	[0000][ M::kt_pipeline] read 1324504 sequences (200000104 bp)...
[0000] 3. Calling kt_for - worker_aln
Inferring insert size distribution from data, l_pac: 2083807873, n: 1324504
[M::mem_pestat] # candidate unique pairs for (FF, FR, RF, RR): (4, 116116, 20, 6)
[M::mem_pestat] skip orientation FF as there are not enough pairs
[M::mem_pestat] analyzing insert size distribution for orientation FR...
[M::mem_pestat] (25, 50, 75) percentile: (191, 249, 328)
[M::mem_pestat] low and high boundaries for computing mean and std.dev: (1, 602)
[M::mem_pestat] mean and std.dev: (264.97, 100.32)
[M::mem_pestat] low and high boundaries for proper pairs: (1, 739)
[M::mem_pestat] analyzing insert size distribution for orientation RF...
[M::mem_pestat] (25, 50, 75) percentile: (191, 1067, 4822)
[M::mem_pestat] low and high boundaries for computing mean and std.dev: (1, 14084)
[M::mem_pestat] mean and std.dev: (2417.55, 2821.53)
[M::mem_pestat] low and high boundaries for proper pairs: (1, 18715)
[M::mem_pestat] skip orientation RR as there are not enough pairs
[M::mem_pestat] skip orientation RF
[0000] 10. Calling kt_for - worker_sam
	[0000][ M::mem_process_seqs] Processed 1324504 reads in 2864.927 CPU sec, 145.143 real sec
[0000] 2. Calling mem_process_seqs.., task: 6
[0000] 3. Calling kt_for - worker_bwt
[0000] read_chunk: 200000000, work_chunk_size: 200000104, nseq: 1324504
	[0000][ M::kt_pipeline] read 1324504 sequences (200000104 bp)...
[0000] 3. Calling kt_for - worker_aln
Inferring insert size distribution from data, l_pac: 2083807873, n: 1324504
[M::mem_pestat] # candidate unique pairs for (FF, FR, RF, RR): (3, 116197, 23, 10)
[M::mem_pestat] skip orientation FF as there are not enough pairs
[M::mem_pestat] analyzing insert size distribution for orientation FR...
[M::mem_pestat] (25, 50, 75) percentile: (193, 250, 331)
[M::mem_pestat] low and high boundaries for computing mean and std.dev: (1, 607)
[M::mem_pestat] mean and std.dev: (267.44, 101.52)
[M::mem_pestat] low and high boundaries for proper pairs: (1, 745)
[M::mem_pestat] analyzing insert size distribution for orientation RF...
[M::mem_pestat] (25, 50, 75) percentile: (149, 393, 2069)
[M::mem_pestat] low and high boundaries for computing mean and std.dev: (1, 5909)
[M::mem_pestat] mean and std.dev: (909.75, 1278.23)
[M::mem_pestat] low and high boundaries for proper pairs: (1, 7829)
[M::mem_pestat] analyzing insert size distribution for orientation RR...
[M::mem_pestat] (25, 50, 75) percentile: (112, 617, 944)
[M::mem_pestat] low and high boundaries for computing mean and std.dev: (1, 2608)
[M::mem_pestat] mean and std.dev: (549.44, 510.69)
[M::mem_pestat] low and high boundaries for proper pairs: (1, 3440)
[M::mem_pestat] skip orientation RF
[M::mem_pestat] skip orientation RR
[0000] 10. Calling kt_for - worker_sam
	[0000][ M::mem_process_seqs] Processed 1324504 reads in 2851.130 CPU sec, 144.432 real sec
[0000] 2. Calling mem_process_seqs.., task: 7
[0000] 3. Calling kt_for - worker_bwt
[0000] read_chunk: 200000000, work_chunk_size: 200000104, nseq: 1324504
	[0000][ M::kt_pipeline] read 1324504 sequences (200000104 bp)...
[0000] 3. Calling kt_for - worker_aln
Inferring insert size distribution from data, l_pac: 2083807873, n: 1324504
[M::mem_pestat] # candidate unique pairs for (FF, FR, RF, RR): (2, 115568, 24, 7)
[M::mem_pestat] skip orientation FF as there are not enough pairs
[M::mem_pestat] analyzing insert size distribution for orientation FR...
[M::mem_pestat] (25, 50, 75) percentile: (193, 250, 331)
[M::mem_pestat] low and high boundaries for computing mean and std.dev: (1, 607)
[M::mem_pestat] mean and std.dev: (267.60, 101.80)
[M::mem_pestat] low and high boundaries for proper pairs: (1, 745)
[M::mem_pestat] analyzing insert size distribution for orientation RF...
[M::mem_pestat] (25, 50, 75) percentile: (1026, 3293, 7381)
[M::mem_pestat] low and high boundaries for computing mean and std.dev: (1, 20091)
[M::mem_pestat] mean and std.dev: (3839.71, 3129.94)
[M::mem_pestat] low and high boundaries for proper pairs: (1, 26446)
[M::mem_pestat] skip orientation RR as there are not enough pairs
[M::mem_pestat] skip orientation RF
[0000] 10. Calling kt_for - worker_sam
	[0000][ M::mem_process_seqs] Processed 1324504 reads in 2905.704 CPU sec, 147.507 real sec
[0000] 2. Calling mem_process_seqs.., task: 8
[0000] 3. Calling kt_for - worker_bwt
[0000] read_chunk: 200000000, work_chunk_size: 200000104, nseq: 1324504
[0000] 3. Calling kt_for - worker_aln
	[0000][ M::kt_pipeline] read 1324504 sequences (200000104 bp)...
Inferring insert size distribution from data, l_pac: 2083807873, n: 1324504
[M::mem_pestat] # candidate unique pairs for (FF, FR, RF, RR): (14, 116713, 32, 13)
[M::mem_pestat] analyzing insert size distribution for orientation FF...
[M::mem_pestat] (25, 50, 75) percentile: (139, 275, 483)
[M::mem_pestat] low and high boundaries for computing mean and std.dev: (1, 1171)
[M::mem_pestat] mean and std.dev: (297.54, 199.66)
[M::mem_pestat] low and high boundaries for proper pairs: (1, 1515)
[M::mem_pestat] analyzing insert size distribution for orientation FR...
[M::mem_pestat] (25, 50, 75) percentile: (192, 250, 329)
[M::mem_pestat] low and high boundaries for computing mean and std.dev: (1, 603)
[M::mem_pestat] mean and std.dev: (266.10, 100.33)
[M::mem_pestat] low and high boundaries for proper pairs: (1, 740)
[M::mem_pestat] analyzing insert size distribution for orientation RF...
[M::mem_pestat] (25, 50, 75) percentile: (220, 847, 4118)
[M::mem_pestat] low and high boundaries for computing mean and std.dev: (1, 11914)
[M::mem_pestat] mean and std.dev: (1957.25, 2383.69)
[M::mem_pestat] low and high boundaries for proper pairs: (1, 15812)
[M::mem_pestat] analyzing insert size distribution for orientation RR...
[M::mem_pestat] (25, 50, 75) percentile: (175, 318, 4603)
[M::mem_pestat] low and high boundaries for computing mean and std.dev: (1, 13459)
[M::mem_pestat] mean and std.dev: (1610.62, 2396.67)
[M::mem_pestat] low and high boundaries for proper pairs: (1, 17887)
[M::mem_pestat] skip orientation FF
[M::mem_pestat] skip orientation RF
[M::mem_pestat] skip orientation RR
[0000] 10. Calling kt_for - worker_sam
	[0000][ M::mem_process_seqs] Processed 1324504 reads in 2833.589 CPU sec, 143.870 real sec
[0000] 2. Calling mem_process_seqs.., task: 9
[0000] 3. Calling kt_for - worker_bwt
[0000] read_chunk: 200000000, work_chunk_size: 200000104, nseq: 1324504
	[0000][ M::kt_pipeline] read 1324504 sequences (200000104 bp)...
[0000] 3. Calling kt_for - worker_aln
Inferring insert size distribution from data, l_pac: 2083807873, n: 1324504
[M::mem_pestat] # candidate unique pairs for (FF, FR, RF, RR): (5, 116735, 23, 7)
[M::mem_pestat] skip orientation FF as there are not enough pairs
[M::mem_pestat] analyzing insert size distribution for orientation FR...
[M::mem_pestat] (25, 50, 75) percentile: (192, 249, 328)
[M::mem_pestat] low and high boundaries for computing mean and std.dev: (1, 600)
[M::mem_pestat] mean and std.dev: (265.87, 100.12)
[M::mem_pestat] low and high boundaries for proper pairs: (1, 736)
[M::mem_pestat] analyzing insert size distribution for orientation RF...
[M::mem_pestat] (25, 50, 75) percentile: (350, 1062, 3191)
[M::mem_pestat] low and high boundaries for computing mean and std.dev: (1, 8873)
[M::mem_pestat] mean and std.dev: (1834.41, 2164.02)
[M::mem_pestat] low and high boundaries for proper pairs: (1, 11714)
[M::mem_pestat] skip orientation RR as there are not enough pairs
[M::mem_pestat] skip orientation RF
[0000] 10. Calling kt_for - worker_sam
	[0000][ M::mem_process_seqs] Processed 1324504 reads in 2927.447 CPU sec, 148.436 real sec
[0000] 2. Calling mem_process_seqs.., task: 10
[0000] 3. Calling kt_for - worker_bwt
[0000] read_chunk: 200000000, work_chunk_size: 200000104, nseq: 1324504
	[0000][ M::kt_pipeline] read 1324504 sequences (200000104 bp)...
[0000] 3. Calling kt_for - worker_aln
Inferring insert size distribution from data, l_pac: 2083807873, n: 1324504
[M::mem_pestat] # candidate unique pairs for (FF, FR, RF, RR): (6, 116345, 23, 6)
[M::mem_pestat] skip orientation FF as there are not enough pairs
[M::mem_pestat] analyzing insert size distribution for orientation FR...
[M::mem_pestat] (25, 50, 75) percentile: (190, 247, 324)
[M::mem_pestat] low and high boundaries for computing mean and std.dev: (1, 592)
[M::mem_pestat] mean and std.dev: (262.47, 98.55)
[M::mem_pestat] low and high boundaries for proper pairs: (1, 726)
[M::mem_pestat] analyzing insert size distribution for orientation RF...
[M::mem_pestat] (25, 50, 75) percentile: (75, 232, 2469)
[M::mem_pestat] low and high boundaries for computing mean and std.dev: (1, 7257)
[M::mem_pestat] mean and std.dev: (993.60, 1960.84)
[M::mem_pestat] low and high boundaries for proper pairs: (1, 9651)
[M::mem_pestat] skip orientation RR as there are not enough pairs
[M::mem_pestat] skip orientation RF
[0000] 10. Calling kt_for - worker_sam
	[0000][ M::mem_process_seqs] Processed 1324504 reads in 2863.598 CPU sec, 145.352 real sec
[0000] 2. Calling mem_process_seqs.., task: 11
[0000] 3. Calling kt_for - worker_bwt
[0000] read_chunk: 200000000, work_chunk_size: 200000104, nseq: 1324504
	[0000][ M::kt_pipeline] read 1324504 sequences (200000104 bp)...
[0000] 3. Calling kt_for - worker_aln
Inferring insert size distribution from data, l_pac: 2083807873, n: 1324504
[M::mem_pestat] # candidate unique pairs for (FF, FR, RF, RR): (6, 116687, 29, 8)
[M::mem_pestat] skip orientation FF as there are not enough pairs
[M::mem_pestat] analyzing insert size distribution for orientation FR...
[M::mem_pestat] (25, 50, 75) percentile: (192, 250, 330)
[M::mem_pestat] low and high boundaries for computing mean and std.dev: (1, 606)
[M::mem_pestat] mean and std.dev: (266.71, 101.22)
[M::mem_pestat] low and high boundaries for proper pairs: (1, 744)
[M::mem_pestat] analyzing insert size distribution for orientation RF...
[M::mem_pestat] (25, 50, 75) percentile: (345, 1059, 4004)
[M::mem_pestat] low and high boundaries for computing mean and std.dev: (1, 11322)
[M::mem_pestat] mean and std.dev: (2308.10, 2614.50)
[M::mem_pestat] low and high boundaries for proper pairs: (1, 14981)
[M::mem_pestat] skip orientation RR as there are not enough pairs
[M::mem_pestat] skip orientation RF
[0000] 10. Calling kt_for - worker_sam
	[0000][ M::mem_process_seqs] Processed 1324504 reads in 2863.870 CPU sec, 145.301 real sec
[0000] 2. Calling mem_process_seqs.., task: 12
[0000] 3. Calling kt_for - worker_bwt
[0000] read_chunk: 200000000, work_chunk_size: 200000104, nseq: 1324504
	[0000][ M::kt_pipeline] read 1324504 sequences (200000104 bp)...
[0000] 3. Calling kt_for - worker_aln
Inferring insert size distribution from data, l_pac: 2083807873, n: 1324504
[M::mem_pestat] # candidate unique pairs for (FF, FR, RF, RR): (10, 116382, 23, 10)
[M::mem_pestat] analyzing insert size distribution for orientation FF...
[M::mem_pestat] (25, 50, 75) percentile: (87, 232, 986)
[M::mem_pestat] low and high boundaries for computing mean and std.dev: (1, 2784)
[M::mem_pestat] mean and std.dev: (666.60, 836.50)
[M::mem_pestat] low and high boundaries for proper pairs: (1, 4013)
[M::mem_pestat] analyzing insert size distribution for orientation FR...
[M::mem_pestat] (25, 50, 75) percentile: (194, 252, 334)
[M::mem_pestat] low and high boundaries for computing mean and std.dev: (1, 614)
[M::mem_pestat] mean and std.dev: (269.52, 102.80)
[M::mem_pestat] low and high boundaries for proper pairs: (1, 754)
[M::mem_pestat] analyzing insert size distribution for orientation RF...
[M::mem_pestat] (25, 50, 75) percentile: (265, 574, 2391)
[M::mem_pestat] low and high boundaries for computing mean and std.dev: (1, 6643)
[M::mem_pestat] mean and std.dev: (1114.19, 1574.76)
[M::mem_pestat] low and high boundaries for proper pairs: (1, 8769)
[M::mem_pestat] analyzing insert size distribution for orientation RR...
[M::mem_pestat] (25, 50, 75) percentile: (142, 1625, 2701)
[M::mem_pestat] low and high boundaries for computing mean and std.dev: (1, 7819)
[M::mem_pestat] mean and std.dev: (1166.00, 1188.06)
[M::mem_pestat] low and high boundaries for proper pairs: (1, 10378)
[M::mem_pestat] skip orientation FF
[M::mem_pestat] skip orientation RF
[M::mem_pestat] skip orientation RR
[0000] 10. Calling kt_for - worker_sam
	[0000][ M::mem_process_seqs] Processed 1324504 reads in 2857.462 CPU sec, 144.767 real sec
[0000] 2. Calling mem_process_seqs.., task: 13
[0000] 3. Calling kt_for - worker_bwt
[0000] 3. Calling kt_for - worker_aln
[0000] read_chunk: 200000000, work_chunk_size: 200000104, nseq: 1324504
	[0000][ M::kt_pipeline] read 1324504 sequences (200000104 bp)...
Inferring insert size distribution from data, l_pac: 2083807873, n: 1324504
[M::mem_pestat] # candidate unique pairs for (FF, FR, RF, RR): (10, 116564, 18, 4)
[M::mem_pestat] analyzing insert size distribution for orientation FF...
[M::mem_pestat] (25, 50, 75) percentile: (131, 400, 1603)
[M::mem_pestat] low and high boundaries for computing mean and std.dev: (1, 4547)
[M::mem_pestat] mean and std.dev: (926.30, 1095.63)
[M::mem_pestat] low and high boundaries for proper pairs: (1, 6019)
[M::mem_pestat] analyzing insert size distribution for orientation FR...
[M::mem_pestat] (25, 50, 75) percentile: (193, 251, 333)
[M::mem_pestat] low and high boundaries for computing mean and std.dev: (1, 613)
[M::mem_pestat] mean and std.dev: (268.79, 102.59)
[M::mem_pestat] low and high boundaries for proper pairs: (1, 753)
[M::mem_pestat] analyzing insert size distribution for orientation RF...
[M::mem_pestat] (25, 50, 75) percentile: (175, 840, 4370)
[M::mem_pestat] low and high boundaries for computing mean and std.dev: (1, 12760)
[M::mem_pestat] mean and std.dev: (2031.28, 2232.27)
[M::mem_pestat] low and high boundaries for proper pairs: (1, 16955)
[M::mem_pestat] skip orientation RR as there are not enough pairs
[M::mem_pestat] skip orientation FF
[M::mem_pestat] skip orientation RF
[0000] 10. Calling kt_for - worker_sam
	[0000][ M::mem_process_seqs] Processed 1324504 reads in 2921.768 CPU sec, 147.926 real sec
[0000] 2. Calling mem_process_seqs.., task: 14
[0000] 3. Calling kt_for - worker_bwt
[0000] read_chunk: 200000000, work_chunk_size: 200000104, nseq: 1324504
[0000] 3. Calling kt_for - worker_aln
	[0000][ M::kt_pipeline] read 1324504 sequences (200000104 bp)...
Inferring insert size distribution from data, l_pac: 2083807873, n: 1324504
[M::mem_pestat] # candidate unique pairs for (FF, FR, RF, RR): (10, 116458, 25, 5)
[M::mem_pestat] analyzing insert size distribution for orientation FF...
[M::mem_pestat] (25, 50, 75) percentile: (135, 210, 2784)
[M::mem_pestat] low and high boundaries for computing mean and std.dev: (1, 8082)
[M::mem_pestat] mean and std.dev: (1294.20, 1844.77)
[M::mem_pestat] low and high boundaries for proper pairs: (1, 10731)
[M::mem_pestat] analyzing insert size distribution for orientation FR...
[M::mem_pestat] (25, 50, 75) percentile: (193, 252, 333)
[M::mem_pestat] low and high boundaries for computing mean and std.dev: (1, 613)
[M::mem_pestat] mean and std.dev: (268.66, 102.66)
[M::mem_pestat] low and high boundaries for proper pairs: (1, 753)
[M::mem_pestat] analyzing insert size distribution for orientation RF...
[M::mem_pestat] (25, 50, 75) percentile: (297, 970, 5132)
[M::mem_pestat] low and high boundaries for computing mean and std.dev: (1, 14802)
[M::mem_pestat] mean and std.dev: (2168.92, 2444.93)
[M::mem_pestat] low and high boundaries for proper pairs: (1, 19637)
[M::mem_pestat] skip orientation RR as there are not enough pairs
[M::mem_pestat] skip orientation FF
[M::mem_pestat] skip orientation RF
[0000] 10. Calling kt_for - worker_sam
	[0000][ M::mem_process_seqs] Processed 1324504 reads in 2875.257 CPU sec, 145.587 real sec
[0000] 2. Calling mem_process_seqs.., task: 15
[0000] 3. Calling kt_for - worker_bwt
[0000] read_chunk: 200000000, work_chunk_size: 200000104, nseq: 1324504
	[0000][ M::kt_pipeline] read 1324504 sequences (200000104 bp)...
[0000] 3. Calling kt_for - worker_aln
Inferring insert size distribution from data, l_pac: 2083807873, n: 1324504
[M::mem_pestat] # candidate unique pairs for (FF, FR, RF, RR): (7, 116330, 21, 10)
[M::mem_pestat] skip orientation FF as there are not enough pairs
[M::mem_pestat] analyzing insert size distribution for orientation FR...
[M::mem_pestat] (25, 50, 75) percentile: (193, 251, 331)
[M::mem_pestat] low and high boundaries for computing mean and std.dev: (1, 607)
[M::mem_pestat] mean and std.dev: (267.54, 101.60)
[M::mem_pestat] low and high boundaries for proper pairs: (1, 745)
[M::mem_pestat] analyzing insert size distribution for orientation RF...
[M::mem_pestat] (25, 50, 75) percentile: (170, 2471, 5426)
[M::mem_pestat] low and high boundaries for computing mean and std.dev: (1, 15938)
[M::mem_pestat] mean and std.dev: (2699.81, 2531.73)
[M::mem_pestat] low and high boundaries for proper pairs: (1, 21194)
[M::mem_pestat] analyzing insert size distribution for orientation RR...
[M::mem_pestat] (25, 50, 75) percentile: (174, 300, 2713)
[M::mem_pestat] low and high boundaries for computing mean and std.dev: (1, 7791)
[M::mem_pestat] mean and std.dev: (1773.70, 2186.48)
[M::mem_pestat] low and high boundaries for proper pairs: (1, 10520)
[M::mem_pestat] skip orientation RF
[M::mem_pestat] skip orientation RR
[0000] 10. Calling kt_for - worker_sam
	[0000][ M::mem_process_seqs] Processed 1324504 reads in 2852.797 CPU sec, 144.749 real sec
[0000] 2. Calling mem_process_seqs.., task: 16
[0000] 3. Calling kt_for - worker_bwt
[0000] read_chunk: 200000000, work_chunk_size: 200000104, nseq: 1324504
	[0000][ M::kt_pipeline] read 1324504 sequences (200000104 bp)...
[0000] 3. Calling kt_for - worker_aln
Inferring insert size distribution from data, l_pac: 2083807873, n: 1324504
[M::mem_pestat] # candidate unique pairs for (FF, FR, RF, RR): (8, 116676, 21, 10)
[M::mem_pestat] skip orientation FF as there are not enough pairs
[M::mem_pestat] analyzing insert size distribution for orientation FR...
[M::mem_pestat] (25, 50, 75) percentile: (192, 250, 331)
[M::mem_pestat] low and high boundaries for computing mean and std.dev: (1, 609)
[M::mem_pestat] mean and std.dev: (267.04, 101.55)
[M::mem_pestat] low and high boundaries for proper pairs: (1, 748)
[M::mem_pestat] analyzing insert size distribution for orientation RF...
[M::mem_pestat] (25, 50, 75) percentile: (415, 743, 3482)
[M::mem_pestat] low and high boundaries for computing mean and std.dev: (1, 9616)
[M::mem_pestat] mean and std.dev: (1970.43, 2275.06)
[M::mem_pestat] low and high boundaries for proper pairs: (1, 12683)
[M::mem_pestat] analyzing insert size distribution for orientation RR...
[M::mem_pestat] (25, 50, 75) percentile: (327, 577, 4444)
[M::mem_pestat] low and high boundaries for computing mean and std.dev: (1, 12678)
[M::mem_pestat] mean and std.dev: (1952.30, 2558.40)
[M::mem_pestat] low and high boundaries for proper pairs: (1, 16795)
[M::mem_pestat] skip orientation RF
[M::mem_pestat] skip orientation RR
[0000] 10. Calling kt_for - worker_sam
	[0000][ M::mem_process_seqs] Processed 1324504 reads in 2827.940 CPU sec, 143.343 real sec
[0000] 2. Calling mem_process_seqs.., task: 17
[0000] 3. Calling kt_for - worker_bwt
[0000] 3. Calling kt_for - worker_aln
[0000] read_chunk: 200000000, work_chunk_size: 200000104, nseq: 1324504
	[0000][ M::kt_pipeline] read 1324504 sequences (200000104 bp)...
Inferring insert size distribution from data, l_pac: 2083807873, n: 1324504
[M::mem_pestat] # candidate unique pairs for (FF, FR, RF, RR): (2, 116679, 24, 9)
[M::mem_pestat] skip orientation FF as there are not enough pairs
[M::mem_pestat] analyzing insert size distribution for orientation FR...
[M::mem_pestat] (25, 50, 75) percentile: (193, 251, 332)
[M::mem_pestat] low and high boundaries for computing mean and std.dev: (1, 610)
[M::mem_pestat] mean and std.dev: (267.92, 101.82)
[M::mem_pestat] low and high boundaries for proper pairs: (1, 749)
[M::mem_pestat] analyzing insert size distribution for orientation RF...
[M::mem_pestat] (25, 50, 75) percentile: (560, 994, 3496)
[M::mem_pestat] low and high boundaries for computing mean and std.dev: (1, 9368)
[M::mem_pestat] mean and std.dev: (1787.54, 1868.58)
[M::mem_pestat] low and high boundaries for proper pairs: (1, 12304)
[M::mem_pestat] skip orientation RR as there are not enough pairs
[M::mem_pestat] skip orientation RF
[0000] 10. Calling kt_for - worker_sam
	[0000][ M::mem_process_seqs] Processed 1324504 reads in 2851.977 CPU sec, 144.635 real sec
[0000] 2. Calling mem_process_seqs.., task: 18
[0000] 3. Calling kt_for - worker_bwt
[0000] 3. Calling kt_for - worker_aln
[0000] read_chunk: 200000000, work_chunk_size: 200000104, nseq: 1324504
	[0000][ M::kt_pipeline] read 1324504 sequences (200000104 bp)...
Inferring insert size distribution from data, l_pac: 2083807873, n: 1324504
[M::mem_pestat] # candidate unique pairs for (FF, FR, RF, RR): (6, 116018, 17, 8)
[M::mem_pestat] skip orientation FF as there are not enough pairs
[M::mem_pestat] analyzing insert size distribution for orientation FR...
[M::mem_pestat] (25, 50, 75) percentile: (194, 252, 333)
[M::mem_pestat] low and high boundaries for computing mean and std.dev: (1, 611)
[M::mem_pestat] mean and std.dev: (269.11, 102.39)
[M::mem_pestat] low and high boundaries for proper pairs: (1, 750)
[M::mem_pestat] analyzing insert size distribution for orientation RF...
[M::mem_pestat] (25, 50, 75) percentile: (230, 723, 5966)
[M::mem_pestat] low and high boundaries for computing mean and std.dev: (1, 17438)
[M::mem_pestat] mean and std.dev: (2585.82, 2990.13)
[M::mem_pestat] low and high boundaries for proper pairs: (1, 23174)
[M::mem_pestat] skip orientation RR as there are not enough pairs
[M::mem_pestat] skip orientation RF
[0000] 10. Calling kt_for - worker_sam
	[0000][ M::mem_process_seqs] Processed 1324504 reads in 2852.303 CPU sec, 144.535 real sec
[0000] 2. Calling mem_process_seqs.., task: 19
[0000] 3. Calling kt_for - worker_bwt
[0000] 3. Calling kt_for - worker_aln
[0000] read_chunk: 200000000, work_chunk_size: 200000104, nseq: 1324504
	[0000][ M::kt_pipeline] read 1324504 sequences (200000104 bp)...
Inferring insert size distribution from data, l_pac: 2083807873, n: 1324504
[M::mem_pestat] # candidate unique pairs for (FF, FR, RF, RR): (8, 116061, 29, 8)
[M::mem_pestat] skip orientation FF as there are not enough pairs
[M::mem_pestat] analyzing insert size distribution for orientation FR...
[M::mem_pestat] (25, 50, 75) percentile: (193, 251, 332)
[M::mem_pestat] low and high boundaries for computing mean and std.dev: (1, 610)
[M::mem_pestat] mean and std.dev: (267.57, 101.74)
[M::mem_pestat] low and high boundaries for proper pairs: (1, 749)
[M::mem_pestat] analyzing insert size distribution for orientation RF...
[M::mem_pestat] (25, 50, 75) percentile: (331, 997, 3935)
[M::mem_pestat] low and high boundaries for computing mean and std.dev: (1, 11143)
[M::mem_pestat] mean and std.dev: (2240.21, 2523.43)
[M::mem_pestat] low and high boundaries for proper pairs: (1, 14747)
[M::mem_pestat] skip orientation RR as there are not enough pairs
[M::mem_pestat] skip orientation RF
[0000] 10. Calling kt_for - worker_sam
	[0000][ M::mem_process_seqs] Processed 1324504 reads in 2846.469 CPU sec, 144.122 real sec
[0000] 2. Calling mem_process_seqs.., task: 20
[0000] 3. Calling kt_for - worker_bwt
[0000] 3. Calling kt_for - worker_aln
[0000] read_chunk: 200000000, work_chunk_size: 200000104, nseq: 1324504
	[0000][ M::kt_pipeline] read 1324504 sequences (200000104 bp)...
Inferring insert size distribution from data, l_pac: 2083807873, n: 1324504
[M::mem_pestat] # candidate unique pairs for (FF, FR, RF, RR): (3, 116117, 30, 4)
[M::mem_pestat] skip orientation FF as there are not enough pairs
[M::mem_pestat] analyzing insert size distribution for orientation FR...
[M::mem_pestat] (25, 50, 75) percentile: (193, 250, 331)
[M::mem_pestat] low and high boundaries for computing mean and std.dev: (1, 607)
[M::mem_pestat] mean and std.dev: (267.32, 101.04)
[M::mem_pestat] low and high boundaries for proper pairs: (1, 745)
[M::mem_pestat] analyzing insert size distribution for orientation RF...
[M::mem_pestat] (25, 50, 75) percentile: (607, 1486, 2565)
[M::mem_pestat] low and high boundaries for computing mean and std.dev: (1, 6481)
[M::mem_pestat] mean and std.dev: (1384.63, 1195.04)
[M::mem_pestat] low and high boundaries for proper pairs: (1, 8439)
[M::mem_pestat] skip orientation RR as there are not enough pairs
[M::mem_pestat] skip orientation RF
[0000] 10. Calling kt_for - worker_sam
	[0000][ M::mem_process_seqs] Processed 1324504 reads in 2840.699 CPU sec, 144.119 real sec
[0000] 2. Calling mem_process_seqs.., task: 21
[0000] 3. Calling kt_for - worker_bwt
